<?xml version="1.0" encoding="UTF-8"?>
<!-- Generated by org.testng.reporters.JUnitReportReporter -->
<testsuite hostname="DESKTOP-SK5EJBV" failures="0" tests="1" name="TestCases.Index" time="158.170" errors="0" timestamp="16 Feb 2023 13:33:42 GMT" skipped="0">
  <testcase classname="TestCases.Index" name="TC_FMCG" time="158.170"/>
</testsuite> <!-- TestCases.Index -->
