<?xml version="1.0" encoding="UTF-8"?>
<!-- Generated by org.testng.reporters.JUnitReportReporter -->
<testsuite hostname="DESKTOP-EUV97CN" failures="0" tests="4" name="TestCases.ShareHistory" time="856.868" errors="0" timestamp="07 Apr 2023 15:30:23 GMT" skipped="0">
  <testcase classname="TestCases.ShareHistory" name="TC_MustHave" time="306.710"/>
  <testcase classname="TestCases.ShareHistory" name="TC_FMCG" time="226.643"/>
  <testcase classname="TestCases.ShareHistory" name="Banks" time="153.138"/>
  <testcase classname="TestCases.ShareHistory" name="TC_Index" time="170.377"/>
</testsuite> <!-- TestCases.ShareHistory -->
