<?xml version="1.0" encoding="UTF-8"?>
<!-- Generated by org.testng.reporters.JUnitReportReporter -->
<testsuite hostname="DESKTOP-EUV97CN" failures="0" tests="1" name="Pages.ColourExcel" time="6.396" errors="0" timestamp="07 Apr 2023 15:58:30 GMT" skipped="0">
  <testcase classname="Pages.ColourExcel" name="excel_version2" time="6.396"/>
</testsuite> <!-- Pages.ColourExcel -->
